<?xml version="1.0" encoding="UTF-8"?>
<!-- Generated by org.testng.reporters.JUnitReportReporter -->
<testsuite hostname="jpTab" name="com.fiori.Sandbox" tests="1" failures="0" timestamp="8 Mar 2016 19:45:20 GMT" time="40.562" errors="0">
  <testcase name="testLogin" time="40.562" classname="com.fiori.Sandbox"/>
</testsuite> <!-- com.fiori.Sandbox -->
