<?xml version="1.0" encoding="UTF-8"?>
<!-- Generated by org.testng.reporters.JUnitReportReporter -->
<testsuite hostname="jpTab" name="com.fiori.Sandbox" tests="1" failures="0" timestamp="8 Mar 2016 20:23:43 GMT" time="43.464" errors="0">
  <testcase name="testLogin" time="43.464" classname="com.fiori.Sandbox"/>
</testsuite> <!-- com.fiori.Sandbox -->
